2020-01-20 09:17:47,299 [Worker-4: Loading available Gradle versions] INFO  c.g.t.t.d.PublishedGradleVersions - Gradle version information cache is out-of-date. Trying to update.
2020-01-20 09:17:48,780 [Worker-4: Loading available Gradle versions] WARN  c.g.t.t.d.PublishedGradleVersions - Can't close stream after downloading published Gradle versions
javax.net.ssl.SSLException: Connection has been shutdown: javax.net.ssl.SSLException: Tag mismatch!
	at sun.security.ssl.SSLSocketImpl.checkEOF(Unknown Source) ~[na:1.8.0_191]
	at sun.security.ssl.AppInputStream.available(Unknown Source) ~[na:1.8.0_191]
	at java.io.BufferedInputStream.available(Unknown Source) ~[na:1.8.0_191]
	at sun.net.www.MeteredStream.available(Unknown Source) ~[na:1.8.0_191]
	at sun.net.www.http.KeepAliveStream.close(Unknown Source) ~[na:1.8.0_191]
	at java.io.FilterInputStream.close(Unknown Source) ~[na:1.8.0_191]
	at sun.net.www.protocol.http.HttpURLConnection$HttpInputStream.close(Unknown Source) ~[na:1.8.0_191]
	at sun.nio.cs.StreamDecoder.implClose(Unknown Source) ~[na:1.8.0_191]
	at sun.nio.cs.StreamDecoder.close(Unknown Source) ~[na:1.8.0_191]
	at java.io.InputStreamReader.close(Unknown Source) ~[na:1.8.0_191]
	at com.google.common.io.Closeables.close(Closeables.java:77) ~[com.google.guava_15.0.0.v201403281430.jar:na]
	at com.gradleware.tooling.toolingutils.distribution.PublishedGradleVersions.downloadVersionInformation(PublishedGradleVersions.java:179) [com.gradleware.tooling.utils_0.19.4.v20171108133209.jar:na]
	at com.gradleware.tooling.toolingutils.distribution.PublishedGradleVersions.tryToDownloadAndCacheVersions(PublishedGradleVersions.java:159) [com.gradleware.tooling.utils_0.19.4.v20171108133209.jar:na]
	at com.gradleware.tooling.toolingutils.distribution.PublishedGradleVersions.tryToUpdateOutdatedVersionsFile(PublishedGradleVersions.java:143) [com.gradleware.tooling.utils_0.19.4.v20171108133209.jar:na]
	at com.gradleware.tooling.toolingutils.distribution.PublishedGradleVersions.create(PublishedGradleVersions.java:127) [com.gradleware.tooling.utils_0.19.4.v20171108133209.jar:na]
	at org.eclipse.buildship.core.util.gradle.PublishedGradleVersionsWrapper$LoadVersionsJob.run(PublishedGradleVersionsWrapper.java:66) [org.eclipse.buildship.core_2.2.1.v20180125-1441.jar:na]
	at org.eclipse.core.internal.jobs.Worker.run(Worker.java:60) [org.eclipse.core.jobs_3.10.0.v20180427-1454.jar:na]
Caused by: javax.net.ssl.SSLException: Tag mismatch!
	at sun.security.ssl.Alerts.getSSLException(Unknown Source) ~[na:1.8.0_191]
	at sun.security.ssl.SSLSocketImpl.fatal(Unknown Source) ~[na:1.8.0_191]
	at sun.security.ssl.SSLSocketImpl.readRecord(Unknown Source) ~[na:1.8.0_191]
	at sun.security.ssl.SSLSocketImpl.readDataRecord(Unknown Source) ~[na:1.8.0_191]
	at sun.security.ssl.AppInputStream.read(Unknown Source) ~[na:1.8.0_191]
	at java.io.BufferedInputStream.fill(Unknown Source) ~[na:1.8.0_191]
	at java.io.BufferedInputStream.read1(Unknown Source) ~[na:1.8.0_191]
	at java.io.BufferedInputStream.read(Unknown Source) ~[na:1.8.0_191]
	at sun.net.www.MeteredStream.read(Unknown Source) ~[na:1.8.0_191]
	at java.io.FilterInputStream.read(Unknown Source) ~[na:1.8.0_191]
	at sun.net.www.protocol.http.HttpURLConnection$HttpInputStream.read(Unknown Source) ~[na:1.8.0_191]
	at sun.nio.cs.StreamDecoder.readBytes(Unknown Source) ~[na:1.8.0_191]
	at sun.nio.cs.StreamDecoder.implRead(Unknown Source) ~[na:1.8.0_191]
	at sun.nio.cs.StreamDecoder.read(Unknown Source) ~[na:1.8.0_191]
	at java.io.InputStreamReader.read(Unknown Source) ~[na:1.8.0_191]
	at java.io.Reader.read(Unknown Source) ~[na:1.8.0_191]
	at com.google.common.io.CharStreams.copy(CharStreams.java:176) ~[com.google.guava_15.0.0.v201403281430.jar:na]
	at com.google.common.io.CharStreams.toStringBuilder(CharStreams.java:220) ~[com.google.guava_15.0.0.v201403281430.jar:na]
	at com.google.common.io.CharStreams.toString(CharStreams.java:194) ~[com.google.guava_15.0.0.v201403281430.jar:na]
	at com.gradleware.tooling.toolingutils.distribution.PublishedGradleVersions.downloadVersionInformation(PublishedGradleVersions.java:173) [com.gradleware.tooling.utils_0.19.4.v20171108133209.jar:na]
	... 5 common frames omitted
Caused by: javax.crypto.AEADBadTagException: Tag mismatch!
	at com.sun.crypto.provider.GaloisCounterMode.decryptFinal(GaloisCounterMode.java:578) ~[sunjce_provider.jar:1.8.0_181]
	at com.sun.crypto.provider.CipherCore.finalNoPadding(CipherCore.java:1049) ~[sunjce_provider.jar:1.8.0_181]
	at com.sun.crypto.provider.CipherCore.doFinal(CipherCore.java:985) ~[sunjce_provider.jar:1.8.0_181]
	at com.sun.crypto.provider.AESCipher.engineDoFinal(AESCipher.java:491) ~[sunjce_provider.jar:1.8.0_181]
	at javax.crypto.Cipher.doFinal(Cipher.java:2376) ~[na:1.8.0_191]
	at sun.security.ssl.CipherBox.decrypt(Unknown Source) ~[na:1.8.0_191]
	at sun.security.ssl.InputRecord.decrypt(Unknown Source) ~[na:1.8.0_191]
	... 23 common frames omitted
2020-01-20 09:17:48,894 [Worker-4: Loading available Gradle versions] INFO  c.g.t.t.d.PublishedGradleVersions - Updating Gradle version information cache failed. Using outdated cache.
